2025-08-13 22:43:14,821 | __main__ | INFO | info:51 | Setting up training environment...
2025-08-13 22:43:14,851 | __main__ | INFO | info:51 | Training environment setup complete
2025-08-13 22:43:14,851 | __main__ | INFO | info:51 | Creating data loaders...
2025-08-13 22:43:14,851 | __main__ | INFO | info:51 | Training data proportion: 10.0%
2025-08-13 22:43:14,851 | __main__ | INFO | info:51 | Validation data proportion: 10.0%
2025-08-13 22:43:14,868 | __main__ | INFO | info:51 | Created data loaders - Train: 1, Val: 1
2025-08-13 22:43:15,094 | __main__ | INFO | info:51 | Model parameters: 744,952
2025-08-13 22:43:15,094 | __main__ | INFO | info:51 | Model size: 2.86 MB
2025-08-13 22:43:15,095 | __main__ | INFO | info:51 | Setting up PyTorch Lightning trainer...
2025-08-13 22:43:15,204 | __main__ | INFO | info:51 | TensorBoard logger initialized with comprehensive logging
2025-08-13 22:43:15,789 | __main__ | INFO | info:51 | Trainer setup complete
2025-08-13 22:43:15,789 | __main__ | INFO | info:51 | Starting training...
2025-08-13 22:43:52,590 | __main__ | ERROR | error:57 | Training failed with error: Early stopping conditioned on metric `val_loss` which is not available. Pass in or modify your `EarlyStopping` callback to use any of the following: `train/total_loss`, `train/total_loss_step`, `train/bbox_loss`, `train/bbox_loss_step`, `train/obj_loss`, `train/obj_loss_step`, `train/cls_loss`, `train/cls_loss_step`, `train/learning_rate`, `val/total_loss`, `val/total_loss_epoch`, `val/bbox_loss`, `val/bbox_loss_epoch`, `val/obj_loss`, `val/obj_loss_epoch`, `val/cls_loss`, `val/cls_loss_epoch`, `val/epoch_avg_loss`, `val/epoch_min_loss`, `val/epoch_max_loss`, `val/epoch_loss_std`, `train/total_loss_epoch`, `train/bbox_loss_epoch`, `train/obj_loss_epoch`, `train/cls_loss_epoch`, `train/epoch_avg_loss`, `train/epoch_min_loss`, `train/epoch_max_loss`, `train/epoch_loss_std`
2025-08-13 22:43:52,592 | __main__ | ERROR | exception:66 | Full traceback:
Traceback (most recent call last):
  File "/Users/rezasajadian/Storage/Training/2025/BuroHappold/repo_1/src/training/train.py", line 270, in main
    trainer.fit(
  File "/opt/anaconda3/lib/python3.9/site-packages/pytorch_lightning/trainer/trainer.py", line 561, in fit
    call._call_and_handle_interrupt(
  File "/opt/anaconda3/lib/python3.9/site-packages/pytorch_lightning/trainer/call.py", line 48, in _call_and_handle_interrupt
    return trainer_fn(*args, **kwargs)
  File "/opt/anaconda3/lib/python3.9/site-packages/pytorch_lightning/trainer/trainer.py", line 599, in _fit_impl
    self._run(model, ckpt_path=ckpt_path)
  File "/opt/anaconda3/lib/python3.9/site-packages/pytorch_lightning/trainer/trainer.py", line 1012, in _run
    results = self._run_stage()
  File "/opt/anaconda3/lib/python3.9/site-packages/pytorch_lightning/trainer/trainer.py", line 1056, in _run_stage
    self.fit_loop.run()
  File "/opt/anaconda3/lib/python3.9/site-packages/pytorch_lightning/loops/fit_loop.py", line 217, in run
    self.on_advance_end()
  File "/opt/anaconda3/lib/python3.9/site-packages/pytorch_lightning/loops/fit_loop.py", line 470, in on_advance_end
    call._call_callback_hooks(trainer, "on_train_epoch_end", monitoring_callbacks=True)
  File "/opt/anaconda3/lib/python3.9/site-packages/pytorch_lightning/trainer/call.py", line 227, in _call_callback_hooks
    fn(trainer, trainer.lightning_module, *args, **kwargs)
  File "/opt/anaconda3/lib/python3.9/site-packages/pytorch_lightning/callbacks/early_stopping.py", line 190, in on_train_epoch_end
    self._run_early_stopping_check(trainer)
  File "/opt/anaconda3/lib/python3.9/site-packages/pytorch_lightning/callbacks/early_stopping.py", line 202, in _run_early_stopping_check
    if trainer.fast_dev_run or not self._validate_condition_metric(  # disable early_stopping with fast_dev_run
  File "/opt/anaconda3/lib/python3.9/site-packages/pytorch_lightning/callbacks/early_stopping.py", line 153, in _validate_condition_metric
    raise RuntimeError(error_msg)
RuntimeError: Early stopping conditioned on metric `val_loss` which is not available. Pass in or modify your `EarlyStopping` callback to use any of the following: `train/total_loss`, `train/total_loss_step`, `train/bbox_loss`, `train/bbox_loss_step`, `train/obj_loss`, `train/obj_loss_step`, `train/cls_loss`, `train/cls_loss_step`, `train/learning_rate`, `val/total_loss`, `val/total_loss_epoch`, `val/bbox_loss`, `val/bbox_loss_epoch`, `val/obj_loss`, `val/obj_loss_epoch`, `val/cls_loss`, `val/cls_loss_epoch`, `val/epoch_avg_loss`, `val/epoch_min_loss`, `val/epoch_max_loss`, `val/epoch_loss_std`, `train/total_loss_epoch`, `train/bbox_loss_epoch`, `train/obj_loss_epoch`, `train/cls_loss_epoch`, `train/epoch_avg_loss`, `train/epoch_min_loss`, `train/epoch_max_loss`, `train/epoch_loss_std`
2025-08-13 22:45:48,383 | __main__ | INFO | info:51 | Setting up training environment...
2025-08-13 22:45:48,408 | __main__ | INFO | info:51 | Training environment setup complete
2025-08-13 22:45:48,409 | __main__ | INFO | info:51 | Creating data loaders...
2025-08-13 22:45:48,409 | __main__ | INFO | info:51 | Training data proportion: 10.0%
2025-08-13 22:45:48,409 | __main__ | INFO | info:51 | Validation data proportion: 10.0%
2025-08-13 22:45:48,418 | __main__ | INFO | info:51 | Created data loaders - Train: 1, Val: 1
2025-08-13 22:45:48,601 | __main__ | INFO | info:51 | Model parameters: 744,952
2025-08-13 22:45:48,602 | __main__ | INFO | info:51 | Model size: 2.86 MB
2025-08-13 22:45:48,603 | __main__ | INFO | info:51 | Setting up PyTorch Lightning trainer...
2025-08-13 22:45:48,677 | __main__ | INFO | info:51 | TensorBoard logger initialized with comprehensive logging
2025-08-13 22:45:49,071 | __main__ | INFO | info:51 | Trainer setup complete
2025-08-13 22:45:49,072 | __main__ | INFO | info:51 | Starting training...
2025-08-13 22:46:05,160 | __main__ | INFO | info:51 | Training completed successfully!
2025-08-13 22:46:05,331 | __main__ | INFO | info:51 | Final model saved to checkpoints/yolov8n_final.pt
2025-08-13 22:50:53,107 | __main__ | INFO | info:51 | Loading model from checkpoints/yolov8n_final.pt
2025-08-13 22:50:53,352 | __main__ | INFO | info:51 | Model loaded successfully
2025-08-13 22:50:53,356 | __main__ | INFO | info:51 | Inference engine initialized on cpu
2025-08-13 22:50:53,357 | __main__ | WARNING | warning:54 | Test image not found at data_organized/test/images/test_floorplan.jpg
2025-08-13 22:50:53,357 | __main__ | INFO | info:51 | Running performance benchmark...
2025-08-13 22:50:53,358 | __main__ | INFO | info:51 | Benchmarking inference performance (100 runs)...
2025-08-13 22:53:06,331 | __main__ | INFO | info:51 | Average inference time: 657.44ms
2025-08-13 22:53:06,334 | __main__ | INFO | info:51 | FPS: 1.52
2025-08-13 22:53:44,233 | __main__ | INFO | info:51 | Loading model from checkpoints/yolov8n_final.pt
2025-08-13 22:53:44,297 | __main__ | INFO | info:51 | Model loaded successfully
2025-08-13 22:53:44,299 | __main__ | INFO | info:51 | Inference engine initialized on cpu
2025-08-13 22:53:44,299 | __main__ | INFO | info:51 | Running inference on data_organized/test/images/525.png
2025-08-13 22:53:45,440 | __main__ | INFO | info:51 | Inference completed in 399.43ms
2025-08-13 22:53:45,441 | __main__ | INFO | info:51 | Result saved to outputs/test_inference_result.jpg
2025-08-13 22:53:45,441 | __main__ | INFO | info:51 | Running performance benchmark...
2025-08-13 22:53:45,442 | __main__ | INFO | info:51 | Benchmarking inference performance (100 runs)...
2025-08-13 22:54:58,757 | __main__ | INFO | info:51 | Average inference time: 340.69ms
2025-08-13 22:54:58,759 | __main__ | INFO | info:51 | FPS: 2.94
